2025-03-12 07:17:47,644 - INFO - Starting GEE catalog extraction
2025-03-12 07:17:47,645 - INFO - Attempting to fetch catalog directly...
2025-03-12 07:17:47,645 - INFO - Trying URL: https://earthengine-stac.storage.googleapis.com/catalog/catalog.json
2025-03-12 07:17:47,798 - INFO - Successfully connected to https://earthengine-stac.storage.googleapis.com/catalog/catalog.json
2025-03-12 07:17:52,407 - INFO - Found 934 unique assets to process
2025-03-12 07:17:52,407 - INFO - Processing assets...
2025-03-12 07:17:52,590 - INFO - Skipping deprecated asset: ACA/reef_habitat/v1_0
2025-03-12 07:17:52,600 - INFO - Skipping deprecated asset: CAS/IGSNRR/PML/V2
2025-03-12 07:17:52,630 - INFO - Skipping deprecated asset: CAS/IGSNRR/PML/V2_v017
2025-03-12 07:17:52,663 - INFO - Skipping deprecated asset: CIESIN/GPWv4/unwpp-adjusted-population-count
2025-03-12 07:17:52,664 - INFO - Skipping deprecated asset: CIESIN/GPWv4/population-density
2025-03-12 07:17:52,670 - INFO - Skipping deprecated asset: CIESIN/GPWv4/unwpp-adjusted-population-density
2025-03-12 07:17:52,671 - INFO - Skipping deprecated asset: CIESIN/GPWv4/population-count
2025-03-12 07:17:52,687 - INFO - Skipping deprecated asset: CIESIN/GPWv4/ancillary-data-grids
2025-03-12 07:17:52,734 - INFO - Skipping deprecated asset: COPERNICUS/CORINE/V18_5_1/100m
2025-03-12 07:17:52,742 - INFO - Skipping deprecated asset: COPERNICUS/Landcover/100m/Proba-V/Global
2025-03-12 07:17:52,817 - INFO - Skipping deprecated asset: COPERNICUS/S2_SR
2025-03-12 07:17:52,833 - INFO - Skipping deprecated asset: COPERNICUS/S2
2025-03-12 07:17:52,876 - INFO - Skipping deprecated asset: CSIC/SPEI/2_8
2025-03-12 07:17:52,877 - INFO - Skipping deprecated asset: CSIC/SPEI/2_9
2025-03-12 07:17:52,977 - INFO - Skipping deprecated asset: ECMWF/ERA5_LAND/MONTHLY
2025-03-12 07:17:53,015 - INFO - Skipping deprecated asset: EDF/MethaneSAT/MethaneAIR/methaneair-L4area-2021
2025-03-12 07:17:53,017 - INFO - Skipping deprecated asset: EDF/MethaneSAT/MethaneAIR/methaneair-L4point-2021
2025-03-12 07:17:53,056 - INFO - Skipping deprecated asset: EDF/OGIM/OGIM_v2-4_RF06_RF08
2025-03-12 07:17:53,143 - INFO - Skipping deprecated asset: FORMA/FORMA_500m
2025-03-12 07:17:53,150 - INFO - Skipping deprecated asset: GLCF/GLS_TCC
2025-03-12 07:17:53,162 - INFO - Skipping deprecated asset: GLIMS/2016
2025-03-12 07:17:53,183 - INFO - Skipping deprecated asset: GLIMS/current
2025-03-12 07:17:53,190 - INFO - Skipping deprecated asset: GLIMS/20171027
2025-03-12 07:17:53,218 - INFO - Skipping deprecated asset: GOOGLE/Research/open-buildings/v2/polygons
2025-03-12 07:17:53,219 - INFO - Skipping deprecated asset: GOOGLE/Research/open-buildings/v1/polygons
2025-03-12 07:17:53,240 - INFO - Skipping deprecated asset: GLIMS/20210914
2025-03-12 07:17:53,244 - INFO - Skipping deprecated asset: HYCOM/GLBu0_08/sea_surface_elevation
2025-03-12 07:17:53,252 - INFO - Skipping deprecated asset: HYCOM/GLBu0_08/sea_temp_salinity
2025-03-12 07:17:53,258 - INFO - Skipping deprecated asset: HYCOM/GLBu0_08/sea_water_velocity
2025-03-12 07:17:53,267 - INFO - Skipping deprecated asset: IDAHO_EPSCOR/PDSI
2025-03-12 07:17:53,336 - INFO - Skipping deprecated asset: JAXA/ALOS/AW3D30/V2_2
2025-03-12 07:17:53,358 - INFO - Skipping deprecated asset: JAXA/ALOS/AW3D30/V1_1
2025-03-12 07:17:53,362 - INFO - Skipping deprecated asset: JAXA/ALOS/AW3D30/V2_1
2025-03-12 07:17:53,464 - INFO - Skipping deprecated asset: JRC/GFC2020/V1
2025-03-12 07:17:53,476 - INFO - Skipping deprecated asset: JRC/GHSL/P2016/SMOD_POP_GLOBE_V1
2025-03-12 07:17:53,482 - INFO - Skipping deprecated asset: JRC/GHSL/P2016/POP_GPW_GLOBE_V1
2025-03-12 07:17:53,512 - INFO - Skipping deprecated asset: JRC/GSW1_0/GlobalSurfaceWater
2025-03-12 07:17:53,516 - INFO - Skipping deprecated asset: JRC/GHSL/P2023A/GHS_SMOD
2025-03-12 07:17:53,524 - INFO - Skipping deprecated asset: JRC/GSW1_0/Metadata
2025-03-12 07:17:53,525 - INFO - Skipping deprecated asset: JRC/GHSL/P2016/BUILT_LDSMT_GLOBE_V1
2025-03-12 07:17:53,527 - INFO - Skipping deprecated asset: JRC/GSW1_0/MonthlyHistory
2025-03-12 07:17:53,533 - INFO - Skipping deprecated asset: JRC/GSW1_0/MonthlyRecurrence
2025-03-12 07:17:53,534 - INFO - Skipping deprecated asset: JRC/GSW1_0/YearlyHistory
2025-03-12 07:17:53,545 - INFO - Skipping deprecated asset: JRC/GSW1_1/Metadata
2025-03-12 07:17:53,547 - INFO - Skipping deprecated asset: JRC/GSW1_1/GlobalSurfaceWater
2025-03-12 07:17:53,549 - INFO - Skipping deprecated asset: JRC/GSW1_1/YearlyHistory
2025-03-12 07:17:53,552 - INFO - Skipping deprecated asset: JRC/GSW1_1/MonthlyRecurrence
2025-03-12 07:17:53,557 - INFO - Skipping deprecated asset: JRC/GSW1_2/GlobalSurfaceWater
2025-03-12 07:17:53,559 - INFO - Skipping deprecated asset: JRC/GSW1_2/MonthlyHistory
2025-03-12 07:17:53,564 - INFO - Skipping deprecated asset: JRC/GSW1_2/YearlyHistory
2025-03-12 07:17:53,566 - INFO - Skipping deprecated asset: JRC/GSW1_1/MonthlyHistory
2025-03-12 07:17:53,571 - INFO - Skipping deprecated asset: JRC/GSW1_2/MonthlyRecurrence
2025-03-12 07:17:53,579 - INFO - Skipping deprecated asset: JRC/GSW1_3/GlobalSurfaceWater
2025-03-12 07:17:53,583 - INFO - Skipping deprecated asset: JRC/GSW1_3/MonthlyHistory
2025-03-12 07:17:53,586 - INFO - Skipping deprecated asset: JRC/GSW1_3/Metadata
2025-03-12 07:17:53,587 - INFO - Skipping deprecated asset: JRC/GSW1_3/MonthlyRecurrence
2025-03-12 07:17:53,594 - INFO - Skipping deprecated asset: JRC/GSW1_2/Metadata
2025-03-12 07:17:53,599 - INFO - Skipping deprecated asset: JRC/GSW1_3/YearlyHistory
2025-03-12 07:17:54,041 - INFO - Skipping deprecated asset: MODIS/006/MCD12Q1
2025-03-12 07:17:54,042 - INFO - Skipping deprecated asset: MODIS/006/MCD12Q2
2025-03-12 07:17:54,046 - INFO - Skipping deprecated asset: MODIS/006/MCD15A3H
2025-03-12 07:17:54,052 - INFO - Skipping deprecated asset: MODIS/006/MCD43A1
2025-03-12 07:17:54,054 - INFO - Skipping deprecated asset: MODIS/006/MCD19A2_GRANULES
2025-03-12 07:17:54,056 - INFO - Skipping deprecated asset: MODIS/006/MCD43A3
2025-03-12 07:17:54,057 - INFO - Skipping deprecated asset: MODIS/006/MCD43A2
2025-03-12 07:17:54,060 - INFO - Skipping deprecated asset: MODIS/006/MCD43A4
2025-03-12 07:17:54,074 - INFO - Skipping deprecated asset: MODIS/006/MOD08_M3
2025-03-12 07:17:54,079 - INFO - Skipping deprecated asset: MODIS/006/MCD64A1
2025-03-12 07:17:54,082 - INFO - Skipping deprecated asset: MODIS/006/MCD43C3
2025-03-12 07:17:54,087 - INFO - Skipping deprecated asset: MODIS/006/MOD09A1
2025-03-12 07:17:54,090 - INFO - Skipping deprecated asset: MODIS/006/MOD09GA
2025-03-12 07:17:54,095 - INFO - Skipping deprecated asset: MODIS/006/MOD09Q1
2025-03-12 07:17:54,097 - INFO - Skipping deprecated asset: MODIS/006/MOD10A1
2025-03-12 07:17:54,105 - INFO - Skipping deprecated asset: MODIS/006/MOD11A1
2025-03-12 07:17:54,107 - INFO - Skipping deprecated asset: MODIS/006/MOD13A2
2025-03-12 07:17:54,109 - INFO - Skipping deprecated asset: MODIS/006/MOD11A2
2025-03-12 07:17:54,110 - INFO - Skipping deprecated asset: MODIS/006/MOD13A1
2025-03-12 07:17:54,112 - INFO - Skipping deprecated asset: MODIS/006/MOD09GQ
2025-03-12 07:17:54,114 - INFO - Skipping deprecated asset: MODIS/006/MOD13Q1
2025-03-12 07:17:54,120 - INFO - Skipping deprecated asset: MODIS/006/MOD14A2
2025-03-12 07:17:54,121 - INFO - Skipping deprecated asset: MODIS/006/MOD14A1
2025-03-12 07:17:54,125 - INFO - Skipping deprecated asset: MODIS/006/MOD16A2
2025-03-12 07:17:54,129 - INFO - Skipping deprecated asset: MODIS/006/MOD15A2H
2025-03-12 07:17:54,139 - INFO - Skipping deprecated asset: MODIS/006/MOD17A2H
2025-03-12 07:17:54,140 - INFO - Skipping deprecated asset: MODIS/006/MOD17A3HGF
2025-03-12 07:17:54,143 - INFO - Skipping deprecated asset: MODIS/006/MOD17A3H
2025-03-12 07:17:54,143 - INFO - Skipping deprecated asset: MODIS/006/MOD44B
2025-03-12 07:17:54,153 - INFO - Skipping deprecated asset: MODIS/006/MYD08_M3
2025-03-12 07:17:54,159 - INFO - Skipping deprecated asset: MODIS/006/MYD09GA
2025-03-12 07:17:54,160 - INFO - Skipping deprecated asset: MODIS/006/MYD09A1
2025-03-12 07:17:54,160 - INFO - Skipping deprecated asset: MODIS/006/MYD09GQ
2025-03-12 07:17:54,176 - INFO - Skipping deprecated asset: MODIS/006/MYD11A1
2025-03-12 07:17:54,178 - INFO - Skipping deprecated asset: MODIS/006/MYD10A1
2025-03-12 07:17:54,179 - INFO - Skipping deprecated asset: MODIS/006/MYD09Q1
2025-03-12 07:17:54,180 - INFO - Skipping deprecated asset: MODIS/006/MYD11A2
2025-03-12 07:17:54,181 - INFO - Skipping deprecated asset: MODIS/006/MYD13A2
2025-03-12 07:17:54,182 - INFO - Skipping deprecated asset: MODIS/006/MYD14A1
2025-03-12 07:17:54,188 - INFO - Skipping deprecated asset: MODIS/006/MYD13Q1
2025-03-12 07:17:54,195 - INFO - Skipping deprecated asset: MODIS/006/MYD15A2H
2025-03-12 07:17:54,195 - INFO - Skipping deprecated asset: MODIS/006/MYD14A2
2025-03-12 07:17:54,206 - INFO - Skipping deprecated asset: MODIS/006/MYD17A3H
2025-03-12 07:17:54,210 - INFO - Skipping deprecated asset: MODIS/061/MCD18C2
2025-03-12 07:17:54,213 - INFO - Skipping deprecated asset: MODIS/006/MYD17A2H
2025-03-12 07:17:54,214 - INFO - Skipping deprecated asset: MODIS/055/MOD17A3
2025-03-12 07:17:54,215 - INFO - Skipping deprecated asset: MODIS/006/MYD13A1
2025-03-12 07:17:54,227 - INFO - Skipping deprecated asset: MODIS/006/MYD17A3HGF
2025-03-12 07:17:54,231 - INFO - Skipping deprecated asset: MODIS/061/MCD18A1
2025-03-12 07:17:54,495 - INFO - Skipping deprecated asset: MODIS/MCD43A1
2025-03-12 07:17:54,497 - INFO - Skipping deprecated asset: MODIS/MCD43A2
2025-03-12 07:17:54,503 - INFO - Skipping deprecated asset: MODIS/MCD43A4
2025-03-12 07:17:54,526 - INFO - Skipping deprecated asset: MODIS/MCD43A4_NDVI
2025-03-12 07:17:54,529 - INFO - Skipping deprecated asset: MODIS/MCD43A4_NDWI
2025-03-12 07:17:54,530 - INFO - Skipping deprecated asset: MODIS/MCD43A4_NDSI
2025-03-12 07:17:54,539 - INFO - Skipping deprecated asset: MODIS/MOD09A1
2025-03-12 07:17:54,546 - INFO - Skipping deprecated asset: MODIS/MOD09GA
2025-03-12 07:17:54,563 - INFO - Skipping deprecated asset: MODIS/MOD09GA_BAI
2025-03-12 07:17:54,570 - INFO - Skipping deprecated asset: MODIS/MCD43A4_BAI
2025-03-12 07:17:54,574 - INFO - Skipping deprecated asset: MODIS/MOD09GA_NDSI
2025-03-12 07:17:54,576 - INFO - Skipping deprecated asset: MODIS/MCD43A4_EVI
2025-03-12 07:17:54,578 - INFO - Skipping deprecated asset: MODIS/MOD09GA_EVI
2025-03-12 07:17:54,581 - INFO - Skipping deprecated asset: MODIS/MOD09GA_NDVI
2025-03-12 07:17:54,592 - INFO - Skipping deprecated asset: MODIS/MOD09GA_NDWI
2025-03-12 07:17:54,593 - INFO - Skipping deprecated asset: MODIS/MOD09GQ
2025-03-12 07:17:54,597 - INFO - Skipping deprecated asset: MODIS/MOD09Q1
2025-03-12 07:17:54,600 - INFO - Skipping deprecated asset: MODIS/MOD10A1
2025-03-12 07:17:54,605 - INFO - Skipping deprecated asset: MODIS/MOD11A1
2025-03-12 07:17:54,606 - INFO - Skipping deprecated asset: MODIS/MOD13A1
2025-03-12 07:17:54,610 - INFO - Skipping deprecated asset: MODIS/MOD13Q1
2025-03-12 07:17:54,619 - INFO - Skipping deprecated asset: MODIS/MOD11A2
2025-03-12 07:17:54,619 - INFO - Skipping deprecated asset: MODIS/MYD09A1
2025-03-12 07:17:54,625 - INFO - Skipping deprecated asset: MODIS/MYD09GA
2025-03-12 07:17:54,629 - INFO - Skipping deprecated asset: MODIS/MYD09GA_NDVI
2025-03-12 07:17:54,632 - INFO - Skipping deprecated asset: MODIS/MYD09GQ
2025-03-12 07:17:54,649 - INFO - Skipping deprecated asset: MODIS/MYD09GA_EVI
2025-03-12 07:17:54,653 - INFO - Skipping deprecated asset: MODIS/MYD09GA_BAI
2025-03-12 07:17:54,655 - INFO - Skipping deprecated asset: MODIS/MYD09GA_NDSI
2025-03-12 07:17:54,666 - INFO - Skipping deprecated asset: MODIS/MYD09GA_NDWI
2025-03-12 07:17:54,667 - INFO - Skipping deprecated asset: MODIS/MYD10A1
2025-03-12 07:17:54,673 - INFO - Skipping deprecated asset: MODIS/MYD11A1
2025-03-12 07:17:54,673 - INFO - Skipping deprecated asset: MODIS/MYD11A2
2025-03-12 07:17:54,677 - INFO - Skipping deprecated asset: MODIS/MYD09Q1
2025-03-12 07:17:54,679 - INFO - Skipping deprecated asset: MODIS/MYD13Q1
2025-03-12 07:17:54,686 - INFO - Skipping deprecated asset: MODIS/MYD13A1
2025-03-12 07:17:54,744 - INFO - Skipping deprecated asset: NASA/GRACE/MASS_GRIDS/MASCON_CRI
2025-03-12 07:17:54,747 - INFO - Skipping deprecated asset: NASA/GPM_L3/IMERG_V06
2025-03-12 07:17:54,750 - INFO - Skipping deprecated asset: NASA/GRACE/MASS_GRIDS_V03/MASCON
2025-03-12 07:17:54,755 - INFO - Skipping deprecated asset: NASA/GRACE/MASS_GRIDS/MASCON
2025-03-12 07:17:54,757 - INFO - Skipping deprecated asset: NASA/GRACE/MASS_GRIDS/LAND
2025-03-12 07:17:54,776 - INFO - Skipping deprecated asset: NASA/GRACE/MASS_GRIDS/OCEAN
2025-03-12 07:17:54,780 - INFO - Skipping deprecated asset: NASA/GRACE/MASS_GRIDS_V03/MASCON_CRI
2025-03-12 07:17:54,916 - INFO - Skipping deprecated asset: NASA_USDA/HSL/SMAP10KM_soil_moisture
2025-03-12 07:17:54,921 - INFO - Skipping deprecated asset: NASA_USDA/HSL/soil_moisture
2025-03-12 07:17:54,932 - INFO - Skipping deprecated asset: NASA/ORNL/DAYMET_V3
2025-03-12 07:17:54,955 - INFO - Skipping deprecated asset: NASA_USDA/HSL/SMAP_soil_moisture
2025-03-12 07:17:54,959 - INFO - Skipping deprecated asset: NOAA/CDR/AVHRR/AOT/V3
2025-03-12 07:17:54,967 - INFO - Skipping deprecated asset: NOAA/CDR/AVHRR/LAI_FAPAR/V4
2025-03-12 07:17:54,982 - INFO - Skipping deprecated asset: NOAA/CDR/AVHRR/NDVI/V4
2025-03-12 07:17:54,983 - INFO - Skipping deprecated asset: NOAA/CDR/AVHRR/SR/V4
2025-03-12 07:17:54,995 - INFO - Skipping deprecated asset: NOAA/CDR/OISST/V2
2025-03-12 07:17:55,119 - INFO - Skipping deprecated asset: NOAA/VIIRS/001/VNP09GA
2025-03-12 07:17:55,123 - INFO - Skipping deprecated asset: NOAA/VIIRS/001/VNP13A1
2025-03-12 07:17:55,127 - INFO - Skipping deprecated asset: NOAA/VIIRS/001/VNP09H1
2025-03-12 07:17:55,131 - INFO - Skipping deprecated asset: NOAA/VIIRS/001/VNP14A1
2025-03-12 07:17:55,132 - INFO - Skipping deprecated asset: NOAA/VIIRS/001/VNP15A2H
2025-03-12 07:17:55,141 - INFO - Skipping deprecated asset: NOAA/VIIRS/001/VNP21A1D
2025-03-12 07:17:55,148 - INFO - Skipping deprecated asset: NOAA/VIIRS/001/VNP21A1N
2025-03-12 07:17:55,202 - INFO - Skipping deprecated asset: OREGONSTATE/PRISM/Norm81m
2025-03-12 07:17:55,336 - INFO - Skipping deprecated asset: Oxford/MAP/friction_surface_2015_v1_0
2025-03-12 07:17:55,365 - INFO - Skipping deprecated asset: RUB/RUBCLIM/LCZ/global_lcz_map/v1
2025-03-12 07:17:55,383 - INFO - Skipping deprecated asset: TERN/AET/CMRSET_LANDSAT_V2_1
2025-03-12 07:17:55,442 - INFO - Skipping deprecated asset: UMD/hansen/global_forest_change_2014
2025-03-12 07:17:55,469 - INFO - Skipping deprecated asset: UMD/hansen/global_forest_change_2015
2025-03-12 07:17:55,470 - INFO - Skipping deprecated asset: UMD/hansen/global_forest_change_2013
2025-03-12 07:17:55,479 - INFO - Skipping deprecated asset: UMD/hansen/global_forest_change_2016_v1_4
2025-03-12 07:17:55,482 - INFO - Skipping deprecated asset: UMD/hansen/global_forest_change_2015_v1_3
2025-03-12 07:17:55,483 - INFO - Skipping deprecated asset: UMD/hansen/global_forest_change_2017_v1_5
2025-03-12 07:17:55,484 - INFO - Skipping deprecated asset: UMD/hansen/global_forest_change_2018_v1_6
2025-03-12 07:17:55,489 - INFO - Skipping deprecated asset: UMD/hansen/global_forest_change_2019_v1_7
2025-03-12 07:17:55,499 - INFO - Skipping deprecated asset: UMD/hansen/global_forest_change_2021_v1_9
2025-03-12 07:17:55,502 - INFO - Skipping deprecated asset: UMD/hansen/global_forest_change_2022_v1_10
2025-03-12 07:17:55,510 - INFO - Skipping deprecated asset: UMD/hansen/global_forest_change_2020_v1_8
2025-03-12 07:17:55,521 - INFO - Skipping deprecated asset: UMN/PGC/ArcticDEM/V2/5m
2025-03-12 07:17:55,546 - INFO - Skipping deprecated asset: UMT/Climate/IrrMapper_RF/v1_1
2025-03-12 07:17:55,549 - INFO - Skipping deprecated asset: UMN/PGC/ArcticDEM/V2/2m
2025-03-12 07:17:55,586 - INFO - Skipping deprecated asset: USFS/GTAC/LCMS/v2020-5
2025-03-12 07:17:55,597 - INFO - Skipping deprecated asset: USDOS/LSIB/2013
2025-03-12 07:17:55,615 - INFO - Skipping deprecated asset: USFS/GTAC/LCMS/v2021-7
2025-03-12 07:17:55,616 - INFO - Skipping deprecated asset: USFS/GTAC/LCMS/v2020-6
2025-03-12 07:17:55,626 - INFO - Skipping deprecated asset: USFS/GTAC/LCMS/v2022-8
2025-03-12 07:17:55,672 - INFO - Skipping deprecated asset: USGS/GFSAD1000_V0
2025-03-12 07:17:55,680 - INFO - Skipping deprecated asset: USGS/GMTED2010
2025-03-12 07:17:55,697 - INFO - Skipping deprecated asset: USGS/NED
2025-03-12 07:17:55,703 - INFO - Skipping deprecated asset: USGS/NLCD_RELEASES/2016_REL
2025-03-12 07:17:55,714 - INFO - Skipping deprecated asset: USGS/NLCD
2025-03-12 07:17:55,788 - INFO - Skipping deprecated asset: VITO/PROBAV/S1_TOC_333M
2025-03-12 07:17:55,817 - INFO - Skipping deprecated asset: VITO/PROBAV/S1_TOC_100M
2025-03-12 07:17:56,020 - INFO - Skipping deprecated asset: WorldPop/POP
2025-03-12 07:17:56,096 - INFO - Skipping deprecated asset: projects/forestdatapartnership/assets/community_palm/20240312
2025-03-12 07:17:56,192 - INFO - Successfully processed 736 assets (after filtering deprecated items)
2025-03-12 07:17:56,203 - INFO - Saving 736 items to gee_catalog_formatted.json
2025-03-12 07:17:56,213 - INFO - All data saved successfully. Processed 736 non-deprecated assets.
2025-03-12 07:17:56,213 - INFO - Completed in 8.57 seconds
2025-03-12 07:17:56,215 - INFO - Starting GEE catalog extraction
2025-03-12 07:17:56,215 - INFO - Attempting to fetch catalog directly...
2025-03-12 07:17:56,215 - INFO - Trying URL: https://earthengine-stac.storage.googleapis.com/catalog/catalog.json
2025-03-12 07:17:56,239 - INFO - Successfully connected to https://earthengine-stac.storage.googleapis.com/catalog/catalog.json
2025-03-12 07:17:56,585 - INFO - Found 934 unique assets to process
2025-03-12 07:17:56,585 - INFO - Processing assets...
2025-03-12 07:17:56,625 - INFO - Skipping deprecated asset: CAS/IGSNRR/PML/V2
2025-03-12 07:17:56,628 - INFO - Skipping deprecated asset: CIESIN/GPWv4/population-count
2025-03-12 07:17:56,628 - INFO - Skipping deprecated asset: CIESIN/GPWv4/population-density
2025-03-12 07:17:56,630 - INFO - Skipping deprecated asset: CIESIN/GPWv4/unwpp-adjusted-population-density
2025-03-12 07:17:56,666 - INFO - Skipping deprecated asset: CAS/IGSNRR/PML/V2_v017
2025-03-12 07:17:56,670 - INFO - Skipping deprecated asset: CIESIN/GPWv4/ancillary-data-grids
2025-03-12 07:17:56,671 - INFO - Skipping deprecated asset: ACA/reef_habitat/v1_0
2025-03-12 07:17:56,671 - INFO - Skipping deprecated asset: CIESIN/GPWv4/unwpp-adjusted-population-count
2025-03-12 07:17:56,676 - INFO - Skipping deprecated asset: COPERNICUS/S2
2025-03-12 07:17:56,681 - INFO - Skipping deprecated asset: COPERNICUS/S2_SR
2025-03-12 07:17:56,700 - INFO - Skipping deprecated asset: COPERNICUS/CORINE/V18_5_1/100m
2025-03-12 07:17:56,701 - INFO - Skipping deprecated asset: COPERNICUS/Landcover/100m/Proba-V/Global
2025-03-12 07:17:56,734 - INFO - Skipping deprecated asset: CSIC/SPEI/2_8
2025-03-12 07:17:56,738 - INFO - Skipping deprecated asset: CSIC/SPEI/2_9
2025-03-12 07:17:56,757 - INFO - Skipping deprecated asset: ECMWF/ERA5_LAND/MONTHLY
2025-03-12 07:17:56,763 - INFO - Skipping deprecated asset: EDF/MethaneSAT/MethaneAIR/methaneair-L4area-2021
2025-03-12 07:17:56,764 - INFO - Skipping deprecated asset: EDF/OGIM/OGIM_v2-4_RF06_RF08
2025-03-12 07:17:56,787 - INFO - Skipping deprecated asset: EDF/MethaneSAT/MethaneAIR/methaneair-L4point-2021
2025-03-12 07:17:56,811 - INFO - Skipping deprecated asset: FORMA/FORMA_500m
2025-03-12 07:17:56,819 - INFO - Skipping deprecated asset: GLCF/GLS_TCC
2025-03-12 07:17:56,821 - INFO - Skipping deprecated asset: GLIMS/2016
2025-03-12 07:17:56,823 - INFO - Skipping deprecated asset: GLIMS/20210914
2025-03-12 07:17:56,825 - INFO - Skipping deprecated asset: GLIMS/current
2025-03-12 07:17:56,833 - INFO - Skipping deprecated asset: GOOGLE/Research/open-buildings/v2/polygons
2025-03-12 07:17:56,839 - INFO - Skipping deprecated asset: HYCOM/GLBu0_08/sea_surface_elevation
2025-03-12 07:17:56,841 - INFO - Skipping deprecated asset: HYCOM/GLBu0_08/sea_water_velocity
2025-03-12 07:17:56,849 - INFO - Skipping deprecated asset: IDAHO_EPSCOR/PDSI
2025-03-12 07:17:56,872 - INFO - Skipping deprecated asset: GOOGLE/Research/open-buildings/v1/polygons
2025-03-12 07:17:56,873 - INFO - Skipping deprecated asset: HYCOM/GLBu0_08/sea_temp_salinity
2025-03-12 07:17:56,885 - INFO - Skipping deprecated asset: GLIMS/20171027
2025-03-12 07:17:56,910 - INFO - Skipping deprecated asset: JAXA/ALOS/AW3D30/V1_1
2025-03-12 07:17:56,912 - INFO - Skipping deprecated asset: JAXA/ALOS/AW3D30/V2_2
2025-03-12 07:17:56,944 - INFO - Skipping deprecated asset: JAXA/ALOS/AW3D30/V2_1
2025-03-12 07:17:56,952 - INFO - Skipping deprecated asset: JRC/GHSL/P2016/BUILT_LDSMT_GLOBE_V1
2025-03-12 07:17:56,955 - INFO - Skipping deprecated asset: JRC/GHSL/P2016/POP_GPW_GLOBE_V1
2025-03-12 07:17:56,975 - INFO - Skipping deprecated asset: JRC/GFC2020/V1
2025-03-12 07:17:56,978 - INFO - Skipping deprecated asset: JRC/GSW1_0/MonthlyHistory
2025-03-12 07:17:56,984 - INFO - Skipping deprecated asset: JRC/GSW1_1/Metadata
2025-03-12 07:17:56,994 - INFO - Skipping deprecated asset: JRC/GHSL/P2016/SMOD_POP_GLOBE_V1
2025-03-12 07:17:56,998 - INFO - Skipping deprecated asset: JRC/GSW1_1/YearlyHistory
2025-03-12 07:17:57,002 - INFO - Skipping deprecated asset: JRC/GSW1_2/GlobalSurfaceWater
2025-03-12 07:17:57,003 - INFO - Skipping deprecated asset: JRC/GSW1_0/Metadata
2025-03-12 07:17:57,005 - INFO - Skipping deprecated asset: JRC/GHSL/P2023A/GHS_SMOD
2025-03-12 07:17:57,005 - INFO - Skipping deprecated asset: JRC/GSW1_2/Metadata
2025-03-12 07:17:57,006 - INFO - Skipping deprecated asset: JRC/GSW1_0/YearlyHistory
2025-03-12 07:17:57,007 - INFO - Skipping deprecated asset: JRC/GSW1_0/MonthlyRecurrence
2025-03-12 07:17:57,008 - INFO - Skipping deprecated asset: JRC/GSW1_2/MonthlyRecurrence
2025-03-12 07:17:57,009 - INFO - Skipping deprecated asset: JRC/GSW1_2/YearlyHistory
2025-03-12 07:17:57,010 - INFO - Skipping deprecated asset: JRC/GSW1_0/GlobalSurfaceWater
2025-03-12 07:17:57,010 - INFO - Skipping deprecated asset: JRC/GSW1_3/Metadata
2025-03-12 07:17:57,011 - INFO - Skipping deprecated asset: JRC/GSW1_3/MonthlyHistory
2025-03-12 07:17:57,012 - INFO - Skipping deprecated asset: JRC/GSW1_3/MonthlyRecurrence
2025-03-12 07:17:57,013 - INFO - Skipping deprecated asset: JRC/GSW1_3/YearlyHistory
2025-03-12 07:17:57,016 - INFO - Skipping deprecated asset: JRC/GSW1_1/GlobalSurfaceWater
2025-03-12 07:17:57,017 - INFO - Skipping deprecated asset: JRC/GSW1_1/MonthlyHistory
2025-03-12 07:17:57,029 - INFO - Skipping deprecated asset: JRC/GSW1_1/MonthlyRecurrence
2025-03-12 07:17:57,034 - INFO - Skipping deprecated asset: JRC/GSW1_2/MonthlyHistory
2025-03-12 07:17:57,044 - INFO - Skipping deprecated asset: JRC/GSW1_3/GlobalSurfaceWater
2025-03-12 07:17:57,228 - INFO - Skipping deprecated asset: MODIS/006/MCD12Q1
2025-03-12 07:17:57,232 - INFO - Skipping deprecated asset: MODIS/006/MCD19A2_GRANULES
2025-03-12 07:17:57,236 - INFO - Skipping deprecated asset: MODIS/006/MCD43A2
2025-03-12 07:17:57,237 - INFO - Skipping deprecated asset: MODIS/006/MCD43A3
2025-03-12 07:17:57,240 - INFO - Skipping deprecated asset: MODIS/006/MCD43C3
2025-03-12 07:17:57,243 - INFO - Skipping deprecated asset: MODIS/006/MOD09GA
2025-03-12 07:17:57,247 - INFO - Skipping deprecated asset: MODIS/006/MOD09GQ
2025-03-12 07:17:57,250 - INFO - Skipping deprecated asset: MODIS/006/MOD09Q1
2025-03-12 07:17:57,253 - INFO - Skipping deprecated asset: MODIS/006/MOD10A1
2025-03-12 07:17:57,255 - INFO - Skipping deprecated asset: MODIS/006/MOD11A1
2025-03-12 07:17:57,260 - INFO - Skipping deprecated asset: MODIS/006/MCD43A1
2025-03-12 07:17:57,264 - INFO - Skipping deprecated asset: MODIS/006/MCD12Q2
2025-03-12 07:17:57,265 - INFO - Skipping deprecated asset: MODIS/006/MOD13A2
2025-03-12 07:17:57,267 - INFO - Skipping deprecated asset: MODIS/006/MOD13Q1
2025-03-12 07:17:57,268 - INFO - Skipping deprecated asset: MODIS/006/MOD09A1
2025-03-12 07:17:57,268 - INFO - Skipping deprecated asset: MODIS/006/MOD08_M3
2025-03-12 07:17:57,269 - INFO - Skipping deprecated asset: MODIS/006/MCD64A1
2025-03-12 07:17:57,271 - INFO - Skipping deprecated asset: MODIS/006/MOD14A2
2025-03-12 07:17:57,272 - INFO - Skipping deprecated asset: MODIS/006/MOD16A2
2025-03-12 07:17:57,273 - INFO - Skipping deprecated asset: MODIS/006/MOD17A2H
2025-03-12 07:17:57,276 - INFO - Skipping deprecated asset: MODIS/006/MCD43A4
2025-03-12 07:17:57,276 - INFO - Skipping deprecated asset: MODIS/006/MOD44B
2025-03-12 07:17:57,283 - INFO - Skipping deprecated asset: MODIS/006/MYD08_M3
2025-03-12 07:17:57,287 - INFO - Skipping deprecated asset: MODIS/006/MYD09A1
2025-03-12 07:17:57,291 - INFO - Skipping deprecated asset: MODIS/006/MOD13A1
2025-03-12 07:17:57,292 - INFO - Skipping deprecated asset: MODIS/006/MYD09GA
2025-03-12 07:17:57,295 - INFO - Skipping deprecated asset: MODIS/006/MYD09Q1
2025-03-12 07:17:57,296 - INFO - Skipping deprecated asset: MODIS/006/MOD11A2
2025-03-12 07:17:57,298 - INFO - Skipping deprecated asset: MODIS/006/MOD14A1
2025-03-12 07:17:57,301 - INFO - Skipping deprecated asset: MODIS/006/MOD15A2H
2025-03-12 07:17:57,302 - INFO - Skipping deprecated asset: MODIS/006/MOD17A3HGF
2025-03-12 07:17:57,303 - INFO - Skipping deprecated asset: MODIS/006/MCD15A3H
2025-03-12 07:17:57,303 - INFO - Skipping deprecated asset: MODIS/006/MOD17A3H
2025-03-12 07:17:57,305 - INFO - Skipping deprecated asset: MODIS/006/MYD13A2
2025-03-12 07:17:57,307 - INFO - Skipping deprecated asset: MODIS/006/MYD14A1
2025-03-12 07:17:57,308 - INFO - Skipping deprecated asset: MODIS/006/MYD13Q1
2025-03-12 07:17:57,308 - INFO - Skipping deprecated asset: MODIS/006/MYD14A2
2025-03-12 07:17:57,309 - INFO - Skipping deprecated asset: MODIS/006/MYD15A2H
2025-03-12 07:17:57,315 - INFO - Skipping deprecated asset: MODIS/055/MOD17A3
2025-03-12 07:17:57,321 - INFO - Skipping deprecated asset: MODIS/006/MYD10A1
2025-03-12 07:17:57,328 - INFO - Skipping deprecated asset: MODIS/061/MCD18A1
2025-03-12 07:17:57,330 - INFO - Skipping deprecated asset: MODIS/006/MYD09GQ
2025-03-12 07:17:57,331 - INFO - Skipping deprecated asset: MODIS/006/MYD11A1
2025-03-12 07:17:57,334 - INFO - Skipping deprecated asset: MODIS/006/MYD13A1
2025-03-12 07:17:57,338 - INFO - Skipping deprecated asset: MODIS/006/MYD17A2H
2025-03-12 07:17:57,339 - INFO - Skipping deprecated asset: MODIS/006/MYD17A3HGF
2025-03-12 07:17:57,346 - INFO - Skipping deprecated asset: MODIS/006/MYD11A2
2025-03-12 07:17:57,353 - INFO - Skipping deprecated asset: MODIS/006/MYD17A3H
2025-03-12 07:17:57,412 - INFO - Skipping deprecated asset: MODIS/061/MCD18C2
2025-03-12 07:17:57,442 - INFO - Skipping deprecated asset: MODIS/MCD43A1
2025-03-12 07:17:57,445 - INFO - Skipping deprecated asset: MODIS/MCD43A2
2025-03-12 07:17:57,446 - INFO - Skipping deprecated asset: MODIS/MCD43A4
2025-03-12 07:17:57,454 - INFO - Skipping deprecated asset: MODIS/MCD43A4_BAI
2025-03-12 07:17:57,455 - INFO - Skipping deprecated asset: MODIS/MCD43A4_EVI
2025-03-12 07:17:57,455 - INFO - Skipping deprecated asset: MODIS/MCD43A4_NDSI
2025-03-12 07:17:57,457 - INFO - Skipping deprecated asset: MODIS/MCD43A4_NDVI
2025-03-12 07:17:57,457 - INFO - Skipping deprecated asset: MODIS/MOD09A1
2025-03-12 07:17:57,458 - INFO - Skipping deprecated asset: MODIS/MOD09GA
2025-03-12 07:17:57,465 - INFO - Skipping deprecated asset: MODIS/MOD09GA_NDSI
2025-03-12 07:17:57,468 - INFO - Skipping deprecated asset: MODIS/MOD09GA_NDWI
2025-03-12 07:17:57,470 - INFO - Skipping deprecated asset: MODIS/MOD09GQ
2025-03-12 07:17:57,479 - INFO - Skipping deprecated asset: MODIS/MOD11A2
2025-03-12 07:17:57,482 - INFO - Skipping deprecated asset: MODIS/MOD13A1
2025-03-12 07:17:57,485 - INFO - Skipping deprecated asset: MODIS/MOD13Q1
2025-03-12 07:17:57,488 - INFO - Skipping deprecated asset: MODIS/MYD09A1
2025-03-12 07:17:57,491 - INFO - Skipping deprecated asset: MODIS/MYD09GA
2025-03-12 07:17:57,492 - INFO - Skipping deprecated asset: MODIS/MCD43A4_NDWI
2025-03-12 07:17:57,494 - INFO - Skipping deprecated asset: MODIS/MOD09GA_NDVI
2025-03-12 07:17:57,495 - INFO - Skipping deprecated asset: MODIS/MOD09GA_EVI
2025-03-12 07:17:57,498 - INFO - Skipping deprecated asset: MODIS/MYD09GA_BAI
2025-03-12 07:17:57,500 - INFO - Skipping deprecated asset: MODIS/MYD09GA_EVI
2025-03-12 07:17:57,501 - INFO - Skipping deprecated asset: MODIS/MYD09GA_NDVI
2025-03-12 07:17:57,503 - INFO - Skipping deprecated asset: MODIS/MOD10A1
2025-03-12 07:17:57,503 - INFO - Skipping deprecated asset: MODIS/MOD11A1
2025-03-12 07:17:57,504 - INFO - Skipping deprecated asset: MODIS/MYD09GA_NDWI
2025-03-12 07:17:57,505 - INFO - Skipping deprecated asset: MODIS/MYD09GQ
2025-03-12 07:17:57,506 - INFO - Skipping deprecated asset: MODIS/MYD09Q1
2025-03-12 07:17:57,507 - INFO - Skipping deprecated asset: MODIS/MYD11A1
2025-03-12 07:17:57,507 - INFO - Skipping deprecated asset: MODIS/MYD10A1
2025-03-12 07:17:57,508 - INFO - Skipping deprecated asset: MODIS/MYD11A2
2025-03-12 07:17:57,509 - INFO - Skipping deprecated asset: MODIS/MYD13Q1
2025-03-12 07:17:57,511 - INFO - Skipping deprecated asset: MODIS/MOD09Q1
2025-03-12 07:17:57,528 - INFO - Skipping deprecated asset: MODIS/MOD09GA_BAI
2025-03-12 07:17:57,529 - INFO - Skipping deprecated asset: MODIS/MYD09GA_NDSI
2025-03-12 07:17:57,535 - INFO - Skipping deprecated asset: MODIS/MYD13A1
2025-03-12 07:17:57,535 - INFO - Skipping deprecated asset: NASA/GPM_L3/IMERG_V06
2025-03-12 07:17:57,539 - INFO - Skipping deprecated asset: NASA/GRACE/MASS_GRIDS/LAND
2025-03-12 07:17:57,552 - INFO - Skipping deprecated asset: NASA/GRACE/MASS_GRIDS_V03/MASCON
2025-03-12 07:17:57,573 - INFO - Skipping deprecated asset: NASA/GRACE/MASS_GRIDS/MASCON
2025-03-12 07:17:57,579 - INFO - Skipping deprecated asset: NASA/GRACE/MASS_GRIDS/OCEAN
2025-03-12 07:17:57,586 - INFO - Skipping deprecated asset: NASA/GRACE/MASS_GRIDS_V03/MASCON_CRI
2025-03-12 07:17:57,595 - INFO - Skipping deprecated asset: NASA/GRACE/MASS_GRIDS/MASCON_CRI
2025-03-12 07:17:57,610 - INFO - Skipping deprecated asset: NASA_USDA/HSL/SMAP10KM_soil_moisture
2025-03-12 07:17:57,612 - INFO - Skipping deprecated asset: NASA_USDA/HSL/SMAP_soil_moisture
2025-03-12 07:17:57,613 - INFO - Skipping deprecated asset: NASA_USDA/HSL/soil_moisture
2025-03-12 07:17:57,617 - INFO - Skipping deprecated asset: NOAA/CDR/AVHRR/AOT/V3
2025-03-12 07:17:57,620 - INFO - Skipping deprecated asset: NOAA/CDR/AVHRR/LAI_FAPAR/V4
2025-03-12 07:17:57,623 - INFO - Skipping deprecated asset: NOAA/CDR/AVHRR/NDVI/V4
2025-03-12 07:17:57,624 - INFO - Skipping deprecated asset: NASA/ORNL/DAYMET_V3
2025-03-12 07:17:57,630 - INFO - Skipping deprecated asset: NOAA/CDR/OISST/V2
2025-03-12 07:17:57,657 - INFO - Skipping deprecated asset: NOAA/CDR/AVHRR/SR/V4
2025-03-12 07:17:57,678 - INFO - Skipping deprecated asset: NOAA/VIIRS/001/VNP09GA
2025-03-12 07:17:57,679 - INFO - Skipping deprecated asset: NOAA/VIIRS/001/VNP13A1
2025-03-12 07:17:57,680 - INFO - Skipping deprecated asset: NOAA/VIIRS/001/VNP09H1
2025-03-12 07:17:57,680 - INFO - Skipping deprecated asset: NOAA/VIIRS/001/VNP14A1
2025-03-12 07:17:57,681 - INFO - Skipping deprecated asset: NOAA/VIIRS/001/VNP21A1D
2025-03-12 07:17:57,682 - INFO - Skipping deprecated asset: NOAA/VIIRS/001/VNP15A2H
2025-03-12 07:17:57,683 - INFO - Skipping deprecated asset: NOAA/VIIRS/001/VNP21A1N
2025-03-12 07:17:57,694 - INFO - Skipping deprecated asset: OREGONSTATE/PRISM/Norm81m
2025-03-12 07:17:57,740 - INFO - Skipping deprecated asset: Oxford/MAP/friction_surface_2015_v1_0
2025-03-12 07:17:57,747 - INFO - Skipping deprecated asset: RUB/RUBCLIM/LCZ/global_lcz_map/v1
2025-03-12 07:17:57,784 - INFO - Skipping deprecated asset: TERN/AET/CMRSET_LANDSAT_V2_1
2025-03-12 07:17:57,787 - INFO - Skipping deprecated asset: UMD/hansen/global_forest_change_2013
2025-03-12 07:17:57,789 - INFO - Skipping deprecated asset: UMD/hansen/global_forest_change_2014
2025-03-12 07:17:57,790 - INFO - Skipping deprecated asset: UMD/hansen/global_forest_change_2015
2025-03-12 07:17:57,791 - INFO - Skipping deprecated asset: UMD/hansen/global_forest_change_2015_v1_3
2025-03-12 07:17:57,793 - INFO - Skipping deprecated asset: UMD/hansen/global_forest_change_2016_v1_4
2025-03-12 07:17:57,793 - INFO - Skipping deprecated asset: UMD/hansen/global_forest_change_2017_v1_5
2025-03-12 07:17:57,794 - INFO - Skipping deprecated asset: UMD/hansen/global_forest_change_2018_v1_6
2025-03-12 07:17:57,794 - INFO - Skipping deprecated asset: UMD/hansen/global_forest_change_2019_v1_7
2025-03-12 07:17:57,797 - INFO - Skipping deprecated asset: UMD/hansen/global_forest_change_2021_v1_9
2025-03-12 07:17:57,825 - INFO - Skipping deprecated asset: UMD/hansen/global_forest_change_2022_v1_10
2025-03-12 07:17:57,828 - INFO - Skipping deprecated asset: UMD/hansen/global_forest_change_2020_v1_8
2025-03-12 07:17:57,828 - INFO - Skipping deprecated asset: USDOS/LSIB/2013
2025-03-12 07:17:57,829 - INFO - Skipping deprecated asset: UMN/PGC/ArcticDEM/V2/5m
2025-03-12 07:17:57,832 - INFO - Skipping deprecated asset: UMN/PGC/ArcticDEM/V2/2m
2025-03-12 07:17:57,832 - INFO - Skipping deprecated asset: UMT/Climate/IrrMapper_RF/v1_1
2025-03-12 07:17:57,833 - INFO - Skipping deprecated asset: USFS/GTAC/LCMS/v2020-6
2025-03-12 07:17:57,862 - INFO - Skipping deprecated asset: USFS/GTAC/LCMS/v2021-7
2025-03-12 07:17:57,865 - INFO - Skipping deprecated asset: USFS/GTAC/LCMS/v2020-5
2025-03-12 07:17:57,866 - INFO - Skipping deprecated asset: USGS/GFSAD1000_V0
2025-03-12 07:17:57,867 - INFO - Skipping deprecated asset: USFS/GTAC/LCMS/v2022-8
2025-03-12 07:17:57,868 - INFO - Skipping deprecated asset: USGS/GMTED2010
2025-03-12 07:17:57,876 - INFO - Skipping deprecated asset: USGS/NLCD_RELEASES/2016_REL
2025-03-12 07:17:57,903 - INFO - Skipping deprecated asset: USGS/NLCD
2025-03-12 07:17:57,912 - INFO - Skipping deprecated asset: USGS/NED
2025-03-12 07:17:57,914 - INFO - Skipping deprecated asset: VITO/PROBAV/S1_TOC_100M
2025-03-12 07:17:57,943 - INFO - Skipping deprecated asset: VITO/PROBAV/S1_TOC_333M
2025-03-12 07:17:58,003 - INFO - Skipping deprecated asset: WorldPop/POP
2025-03-12 07:17:58,014 - INFO - Skipping deprecated asset: projects/forestdatapartnership/assets/community_palm/20240312
2025-03-12 07:17:58,094 - INFO - Successfully processed 736 assets (after filtering deprecated items)
2025-03-12 07:17:58,105 - INFO - Saving 736 items to gee_catalog_formatted.json
2025-03-12 07:17:58,116 - INFO - All data saved successfully. Processed 736 non-deprecated assets.
2025-03-12 07:17:58,116 - INFO - Completed in 1.90 seconds
2025-03-13 00:35:19,735 - INFO - Starting GEE catalog extraction
2025-03-13 00:35:19,735 - INFO - Attempting to fetch catalog directly...
2025-03-13 00:35:19,735 - INFO - Trying URL: https://earthengine-stac.storage.googleapis.com/catalog/catalog.json
2025-03-13 00:35:19,839 - INFO - Successfully connected to https://earthengine-stac.storage.googleapis.com/catalog/catalog.json
2025-03-13 00:35:27,819 - INFO - Found 934 unique assets to process
2025-03-13 00:35:27,819 - INFO - Processing assets...
2025-03-13 00:35:27,938 - INFO - Skipping deprecated asset: ACA/reef_habitat/v1_0
2025-03-13 00:35:28,075 - INFO - Skipping deprecated asset: CAS/IGSNRR/PML/V2
2025-03-13 00:35:28,082 - INFO - Skipping deprecated asset: CIESIN/GPWv4/ancillary-data-grids
2025-03-13 00:35:28,082 - INFO - Skipping deprecated asset: CAS/IGSNRR/PML/V2_v017
2025-03-13 00:35:28,086 - INFO - Skipping deprecated asset: CIESIN/GPWv4/population-density
2025-03-13 00:35:28,097 - INFO - Skipping deprecated asset: CIESIN/GPWv4/population-count
2025-03-13 00:35:28,124 - INFO - Skipping deprecated asset: CIESIN/GPWv4/unwpp-adjusted-population-density
2025-03-13 00:35:28,128 - INFO - Skipping deprecated asset: CIESIN/GPWv4/unwpp-adjusted-population-count
2025-03-13 00:35:28,174 - INFO - Skipping deprecated asset: COPERNICUS/CORINE/V18_5_1/100m
2025-03-13 00:35:28,255 - INFO - Skipping deprecated asset: COPERNICUS/S2
2025-03-13 00:35:28,265 - INFO - Skipping deprecated asset: COPERNICUS/S2_SR
2025-03-13 00:35:28,285 - INFO - Skipping deprecated asset: COPERNICUS/Landcover/100m/Proba-V/Global
2025-03-13 00:35:28,432 - INFO - Skipping deprecated asset: CSIC/SPEI/2_8
2025-03-13 00:35:28,450 - INFO - Skipping deprecated asset: CSIC/SPEI/2_9
2025-03-13 00:35:28,622 - INFO - Skipping deprecated asset: ECMWF/ERA5_LAND/MONTHLY
2025-03-13 00:35:28,662 - INFO - Skipping deprecated asset: EDF/MethaneSAT/MethaneAIR/methaneair-L4point-2021
2025-03-13 00:35:28,665 - INFO - Skipping deprecated asset: EDF/OGIM/OGIM_v2-4_RF06_RF08
2025-03-13 00:35:28,720 - INFO - Skipping deprecated asset: EDF/MethaneSAT/MethaneAIR/methaneair-L4area-2021
2025-03-13 00:35:28,911 - INFO - Skipping deprecated asset: FORMA/FORMA_500m
2025-03-13 00:35:28,954 - INFO - Skipping deprecated asset: GLCF/GLS_TCC
2025-03-13 00:35:28,984 - INFO - Skipping deprecated asset: GLIMS/20171027
2025-03-13 00:35:28,984 - INFO - Skipping deprecated asset: GLIMS/20210914
2025-03-13 00:35:29,002 - INFO - Skipping deprecated asset: GLIMS/current
2025-03-13 00:35:29,023 - INFO - Skipping deprecated asset: GLIMS/2016
2025-03-13 00:35:29,089 - INFO - Skipping deprecated asset: GOOGLE/Research/open-buildings/v2/polygons
2025-03-13 00:35:29,106 - INFO - Skipping deprecated asset: GOOGLE/Research/open-buildings/v1/polygons
2025-03-13 00:35:29,155 - INFO - Skipping deprecated asset: HYCOM/GLBu0_08/sea_water_velocity
2025-03-13 00:35:29,166 - INFO - Skipping deprecated asset: HYCOM/GLBu0_08/sea_temp_salinity
2025-03-13 00:35:29,170 - INFO - Skipping deprecated asset: HYCOM/GLBu0_08/sea_surface_elevation
2025-03-13 00:35:29,207 - INFO - Skipping deprecated asset: IDAHO_EPSCOR/PDSI
2025-03-13 00:35:29,381 - INFO - Skipping deprecated asset: JAXA/ALOS/AW3D30/V2_1
2025-03-13 00:35:29,387 - INFO - Skipping deprecated asset: JAXA/ALOS/AW3D30/V2_2
2025-03-13 00:35:29,414 - INFO - Skipping deprecated asset: JAXA/ALOS/AW3D30/V1_1
2025-03-13 00:35:29,576 - INFO - Skipping deprecated asset: JRC/GHSL/P2016/SMOD_POP_GLOBE_V1
2025-03-13 00:35:29,576 - INFO - Skipping deprecated asset: JRC/GFC2020/V1
2025-03-13 00:35:29,582 - INFO - Skipping deprecated asset: JRC/GHSL/P2016/POP_GPW_GLOBE_V1
2025-03-13 00:35:29,614 - INFO - Skipping deprecated asset: JRC/GHSL/P2016/BUILT_LDSMT_GLOBE_V1
2025-03-13 00:35:29,624 - INFO - Skipping deprecated asset: JRC/GHSL/P2023A/GHS_SMOD
2025-03-13 00:35:29,630 - INFO - Skipping deprecated asset: JRC/GSW1_0/Metadata
2025-03-13 00:35:29,631 - INFO - Skipping deprecated asset: JRC/GSW1_0/GlobalSurfaceWater
2025-03-13 00:35:29,633 - INFO - Skipping deprecated asset: JRC/GSW1_0/MonthlyRecurrence
2025-03-13 00:35:29,635 - INFO - Skipping deprecated asset: JRC/GSW1_0/MonthlyHistory
2025-03-13 00:35:29,637 - INFO - Skipping deprecated asset: JRC/GSW1_0/YearlyHistory
2025-03-13 00:35:29,645 - INFO - Skipping deprecated asset: JRC/GSW1_1/GlobalSurfaceWater
2025-03-13 00:35:29,669 - INFO - Skipping deprecated asset: JRC/GSW1_1/MonthlyHistory
2025-03-13 00:35:29,670 - INFO - Skipping deprecated asset: JRC/GSW1_2/GlobalSurfaceWater
2025-03-13 00:35:29,674 - INFO - Skipping deprecated asset: JRC/GSW1_1/Metadata
2025-03-13 00:35:29,678 - INFO - Skipping deprecated asset: JRC/GSW1_1/YearlyHistory
2025-03-13 00:35:29,702 - INFO - Skipping deprecated asset: JRC/GSW1_2/Metadata
2025-03-13 00:35:29,709 - INFO - Skipping deprecated asset: JRC/GSW1_2/YearlyHistory
2025-03-13 00:35:29,710 - INFO - Skipping deprecated asset: JRC/GSW1_2/MonthlyHistory
2025-03-13 00:35:29,711 - INFO - Skipping deprecated asset: JRC/GSW1_1/MonthlyRecurrence
2025-03-13 00:35:29,731 - INFO - Skipping deprecated asset: JRC/GSW1_3/MonthlyRecurrence
2025-03-13 00:35:29,741 - INFO - Skipping deprecated asset: JRC/GSW1_3/GlobalSurfaceWater
2025-03-13 00:35:29,743 - INFO - Skipping deprecated asset: JRC/GSW1_2/MonthlyRecurrence
2025-03-13 00:35:29,749 - INFO - Skipping deprecated asset: JRC/GSW1_3/MonthlyHistory
2025-03-13 00:35:29,765 - INFO - Skipping deprecated asset: JRC/GSW1_3/Metadata
2025-03-13 00:35:29,782 - INFO - Skipping deprecated asset: JRC/GSW1_3/YearlyHistory
2025-03-13 00:35:30,586 - INFO - Skipping deprecated asset: MODIS/006/MCD15A3H
2025-03-13 00:35:30,592 - INFO - Skipping deprecated asset: MODIS/006/MCD12Q1
2025-03-13 00:35:30,595 - INFO - Skipping deprecated asset: MODIS/006/MCD12Q2
2025-03-13 00:35:30,598 - INFO - Skipping deprecated asset: MODIS/006/MCD43A1
2025-03-13 00:35:30,628 - INFO - Skipping deprecated asset: MODIS/006/MCD19A2_GRANULES
2025-03-13 00:35:30,631 - INFO - Skipping deprecated asset: MODIS/006/MCD43A3
2025-03-13 00:35:30,639 - INFO - Skipping deprecated asset: MODIS/006/MOD09GQ
2025-03-13 00:35:30,641 - INFO - Skipping deprecated asset: MODIS/006/MCD43A2
2025-03-13 00:35:30,646 - INFO - Skipping deprecated asset: MODIS/006/MCD43C3
2025-03-13 00:35:30,649 - INFO - Skipping deprecated asset: MODIS/006/MCD43A4
2025-03-13 00:35:30,654 - INFO - Skipping deprecated asset: MODIS/006/MOD09A1
2025-03-13 00:35:30,681 - INFO - Skipping deprecated asset: MODIS/006/MOD09GA
2025-03-13 00:35:30,681 - INFO - Skipping deprecated asset: MODIS/006/MOD11A1
2025-03-13 00:35:30,682 - INFO - Skipping deprecated asset: MODIS/006/MOD08_M3
2025-03-13 00:35:30,683 - INFO - Skipping deprecated asset: MODIS/006/MCD64A1
2025-03-13 00:35:30,692 - INFO - Skipping deprecated asset: MODIS/006/MOD13Q1
2025-03-13 00:35:30,694 - INFO - Skipping deprecated asset: MODIS/006/MOD11A2
2025-03-13 00:35:30,695 - INFO - Skipping deprecated asset: MODIS/006/MOD10A1
2025-03-13 00:35:30,718 - INFO - Skipping deprecated asset: MODIS/006/MOD14A2
2025-03-13 00:35:30,721 - INFO - Skipping deprecated asset: MODIS/006/MOD13A1
2025-03-13 00:35:30,721 - INFO - Skipping deprecated asset: MODIS/006/MOD09Q1
2025-03-13 00:35:30,724 - INFO - Skipping deprecated asset: MODIS/006/MOD13A2
2025-03-13 00:35:30,733 - INFO - Skipping deprecated asset: MODIS/006/MOD16A2
2025-03-13 00:35:30,746 - INFO - Skipping deprecated asset: MODIS/006/MOD15A2H
2025-03-13 00:35:30,748 - INFO - Skipping deprecated asset: MODIS/006/MOD17A2H
2025-03-13 00:35:30,765 - INFO - Skipping deprecated asset: MODIS/006/MOD14A1
2025-03-13 00:35:30,768 - INFO - Skipping deprecated asset: MODIS/006/MYD08_M3
2025-03-13 00:35:30,770 - INFO - Skipping deprecated asset: MODIS/006/MOD17A3HGF
2025-03-13 00:35:30,774 - INFO - Skipping deprecated asset: MODIS/006/MYD09A1
2025-03-13 00:35:30,788 - INFO - Skipping deprecated asset: MODIS/006/MOD17A3H
2025-03-13 00:35:30,791 - INFO - Skipping deprecated asset: MODIS/006/MOD44B
2025-03-13 00:35:30,816 - INFO - Skipping deprecated asset: MODIS/006/MYD13A1
2025-03-13 00:35:30,822 - INFO - Skipping deprecated asset: MODIS/006/MYD09GQ
2025-03-13 00:35:30,826 - INFO - Skipping deprecated asset: MODIS/006/MYD14A1
2025-03-13 00:35:30,829 - INFO - Skipping deprecated asset: MODIS/006/MYD09Q1
2025-03-13 00:35:30,833 - INFO - Skipping deprecated asset: MODIS/006/MYD10A1
2025-03-13 00:35:30,837 - INFO - Skipping deprecated asset: MODIS/006/MYD11A1
2025-03-13 00:35:30,855 - INFO - Skipping deprecated asset: MODIS/006/MYD13A2
2025-03-13 00:35:30,859 - INFO - Skipping deprecated asset: MODIS/006/MYD14A2
2025-03-13 00:35:30,860 - INFO - Skipping deprecated asset: MODIS/006/MYD13Q1
2025-03-13 00:35:30,860 - INFO - Skipping deprecated asset: MODIS/006/MYD11A2
2025-03-13 00:35:30,861 - INFO - Skipping deprecated asset: MODIS/006/MYD09GA
2025-03-13 00:35:30,874 - INFO - Skipping deprecated asset: MODIS/006/MYD17A2H
2025-03-13 00:35:30,881 - INFO - Skipping deprecated asset: MODIS/006/MYD17A3HGF
2025-03-13 00:35:30,883 - INFO - Skipping deprecated asset: MODIS/006/MYD15A2H
2025-03-13 00:35:30,897 - INFO - Skipping deprecated asset: MODIS/006/MYD17A3H
2025-03-13 00:35:30,904 - INFO - Skipping deprecated asset: MODIS/055/MOD17A3
2025-03-13 00:35:30,940 - INFO - Skipping deprecated asset: MODIS/061/MCD18A1
2025-03-13 00:35:30,953 - INFO - Skipping deprecated asset: MODIS/061/MCD18C2
2025-03-13 00:35:31,392 - INFO - Skipping deprecated asset: MODIS/MCD43A4
2025-03-13 00:35:31,403 - INFO - Skipping deprecated asset: MODIS/MCD43A1
2025-03-13 00:35:31,413 - INFO - Skipping deprecated asset: MODIS/MCD43A2
2025-03-13 00:35:31,439 - INFO - Skipping deprecated asset: MODIS/MCD43A4_EVI
2025-03-13 00:35:31,441 - INFO - Skipping deprecated asset: MODIS/MCD43A4_BAI
2025-03-13 00:35:31,453 - INFO - Skipping deprecated asset: MODIS/MCD43A4_NDVI
2025-03-13 00:35:31,455 - INFO - Skipping deprecated asset: MODIS/MCD43A4_NDSI
2025-03-13 00:35:31,456 - INFO - Skipping deprecated asset: MODIS/MCD43A4_NDWI
2025-03-13 00:35:31,469 - INFO - Skipping deprecated asset: MODIS/MOD09A1
2025-03-13 00:35:31,490 - INFO - Skipping deprecated asset: MODIS/MOD09GA
2025-03-13 00:35:31,511 - INFO - Skipping deprecated asset: MODIS/MOD09GA_NDVI
2025-03-13 00:35:31,522 - INFO - Skipping deprecated asset: MODIS/MOD09GA_EVI
2025-03-13 00:35:31,523 - INFO - Skipping deprecated asset: MODIS/MOD09Q1
2025-03-13 00:35:31,533 - INFO - Skipping deprecated asset: MODIS/MOD09GQ
2025-03-13 00:35:31,535 - INFO - Skipping deprecated asset: MODIS/MOD09GA_BAI
2025-03-13 00:35:31,538 - INFO - Skipping deprecated asset: MODIS/MOD09GA_NDWI
2025-03-13 00:35:31,551 - INFO - Skipping deprecated asset: MODIS/MOD09GA_NDSI
2025-03-13 00:35:31,559 - INFO - Skipping deprecated asset: MODIS/MOD11A1
2025-03-13 00:35:31,571 - INFO - Skipping deprecated asset: MODIS/MOD13Q1
2025-03-13 00:35:31,586 - INFO - Skipping deprecated asset: MODIS/MOD11A2
2025-03-13 00:35:31,586 - INFO - Skipping deprecated asset: MODIS/MYD09A1
2025-03-13 00:35:31,626 - INFO - Skipping deprecated asset: MODIS/MYD09GA
2025-03-13 00:35:31,630 - INFO - Skipping deprecated asset: MODIS/MOD13A1
2025-03-13 00:35:31,640 - INFO - Skipping deprecated asset: MODIS/MOD10A1
2025-03-13 00:35:31,646 - INFO - Skipping deprecated asset: MODIS/MYD09GA_BAI
2025-03-13 00:35:31,675 - INFO - Skipping deprecated asset: MODIS/MYD09GQ
2025-03-13 00:35:31,677 - INFO - Skipping deprecated asset: MODIS/MYD09GA_NDSI
2025-03-13 00:35:31,695 - INFO - Skipping deprecated asset: MODIS/MYD09GA_EVI
2025-03-13 00:35:31,705 - INFO - Skipping deprecated asset: MODIS/MYD09GA_NDWI
2025-03-13 00:35:31,710 - INFO - Skipping deprecated asset: MODIS/MYD09Q1
2025-03-13 00:35:31,726 - INFO - Skipping deprecated asset: MODIS/MYD11A1
2025-03-13 00:35:31,726 - INFO - Skipping deprecated asset: MODIS/MYD13A1
2025-03-13 00:35:31,727 - INFO - Skipping deprecated asset: MODIS/MYD10A1
2025-03-13 00:35:31,737 - INFO - Skipping deprecated asset: MODIS/MYD13Q1
2025-03-13 00:35:31,740 - INFO - Skipping deprecated asset: MODIS/MYD11A2
2025-03-13 00:35:31,788 - INFO - Skipping deprecated asset: MODIS/MYD09GA_NDVI
2025-03-13 00:35:31,886 - INFO - Skipping deprecated asset: NASA/GPM_L3/IMERG_V06
2025-03-13 00:35:31,914 - INFO - Skipping deprecated asset: NASA/GRACE/MASS_GRIDS/LAND
2025-03-13 00:35:31,928 - INFO - Skipping deprecated asset: NASA/GRACE/MASS_GRIDS/OCEAN
2025-03-13 00:35:31,931 - INFO - Skipping deprecated asset: NASA/GRACE/MASS_GRIDS/MASCON_CRI
2025-03-13 00:35:31,932 - INFO - Skipping deprecated asset: NASA/GRACE/MASS_GRIDS/MASCON
2025-03-13 00:35:31,939 - INFO - Skipping deprecated asset: NASA/GRACE/MASS_GRIDS_V03/MASCON
2025-03-13 00:35:31,943 - INFO - Skipping deprecated asset: NASA/GRACE/MASS_GRIDS_V03/MASCON_CRI
2025-03-13 00:35:32,131 - INFO - Skipping deprecated asset: NASA/ORNL/DAYMET_V3
2025-03-13 00:35:32,201 - INFO - Skipping deprecated asset: NASA_USDA/HSL/SMAP10KM_soil_moisture
2025-03-13 00:35:32,220 - INFO - Skipping deprecated asset: NASA_USDA/HSL/SMAP_soil_moisture
2025-03-13 00:35:32,237 - INFO - Skipping deprecated asset: NOAA/CDR/AVHRR/AOT/V3
2025-03-13 00:35:32,245 - INFO - Skipping deprecated asset: NASA_USDA/HSL/soil_moisture
2025-03-13 00:35:32,277 - INFO - Skipping deprecated asset: NOAA/CDR/AVHRR/LAI_FAPAR/V4
2025-03-13 00:35:32,298 - INFO - Skipping deprecated asset: NOAA/CDR/AVHRR/NDVI/V4
2025-03-13 00:35:32,315 - INFO - Skipping deprecated asset: NOAA/CDR/OISST/V2
2025-03-13 00:35:32,320 - INFO - Skipping deprecated asset: NOAA/CDR/AVHRR/SR/V4
2025-03-13 00:35:32,550 - INFO - Skipping deprecated asset: NOAA/VIIRS/001/VNP13A1
2025-03-13 00:35:32,555 - INFO - Skipping deprecated asset: NOAA/VIIRS/001/VNP09H1
2025-03-13 00:35:32,558 - INFO - Skipping deprecated asset: NOAA/VIIRS/001/VNP09GA
2025-03-13 00:35:32,580 - INFO - Skipping deprecated asset: NOAA/VIIRS/001/VNP21A1D
2025-03-13 00:35:32,583 - INFO - Skipping deprecated asset: NOAA/VIIRS/001/VNP15A2H
2025-03-13 00:35:32,584 - INFO - Skipping deprecated asset: NOAA/VIIRS/001/VNP21A1N
2025-03-13 00:35:32,600 - INFO - Skipping deprecated asset: NOAA/VIIRS/001/VNP14A1
2025-03-13 00:35:32,691 - INFO - Skipping deprecated asset: OREGONSTATE/PRISM/Norm81m
2025-03-13 00:35:32,931 - INFO - Skipping deprecated asset: Oxford/MAP/friction_surface_2015_v1_0
2025-03-13 00:35:32,973 - INFO - Skipping deprecated asset: RUB/RUBCLIM/LCZ/global_lcz_map/v1
2025-03-13 00:35:33,056 - INFO - Skipping deprecated asset: TERN/AET/CMRSET_LANDSAT_V2_1
2025-03-13 00:35:33,179 - INFO - Skipping deprecated asset: UMD/hansen/global_forest_change_2014
2025-03-13 00:35:33,189 - INFO - Skipping deprecated asset: UMD/hansen/global_forest_change_2017_v1_5
2025-03-13 00:35:33,206 - INFO - Skipping deprecated asset: UMD/hansen/global_forest_change_2015_v1_3
2025-03-13 00:35:33,210 - INFO - Skipping deprecated asset: UMD/hansen/global_forest_change_2018_v1_6
2025-03-13 00:35:33,215 - INFO - Skipping deprecated asset: UMD/hansen/global_forest_change_2015
2025-03-13 00:35:33,228 - INFO - Skipping deprecated asset: UMD/hansen/global_forest_change_2013
2025-03-13 00:35:33,235 - INFO - Skipping deprecated asset: UMD/hansen/global_forest_change_2019_v1_7
2025-03-13 00:35:33,249 - INFO - Skipping deprecated asset: UMN/PGC/ArcticDEM/V2/2m
2025-03-13 00:35:33,252 - INFO - Skipping deprecated asset: UMD/hansen/global_forest_change_2020_v1_8
2025-03-13 00:35:33,264 - INFO - Skipping deprecated asset: UMD/hansen/global_forest_change_2022_v1_10
2025-03-13 00:35:33,271 - INFO - Skipping deprecated asset: UMD/hansen/global_forest_change_2016_v1_4
2025-03-13 00:35:33,279 - INFO - Skipping deprecated asset: UMD/hansen/global_forest_change_2021_v1_9
2025-03-13 00:35:33,287 - INFO - Skipping deprecated asset: UMN/PGC/ArcticDEM/V2/5m
2025-03-13 00:35:33,293 - INFO - Skipping deprecated asset: UMT/Climate/IrrMapper_RF/v1_1
2025-03-13 00:35:33,361 - INFO - Skipping deprecated asset: USDOS/LSIB/2013
2025-03-13 00:35:33,399 - INFO - Skipping deprecated asset: USFS/GTAC/LCMS/v2022-8
2025-03-13 00:35:33,405 - INFO - Skipping deprecated asset: USFS/GTAC/LCMS/v2020-5
2025-03-13 00:35:33,406 - INFO - Skipping deprecated asset: USFS/GTAC/LCMS/v2020-6
2025-03-13 00:35:33,442 - INFO - Skipping deprecated asset: USFS/GTAC/LCMS/v2021-7
2025-03-13 00:35:33,572 - INFO - Skipping deprecated asset: USGS/GMTED2010
2025-03-13 00:35:33,591 - INFO - Skipping deprecated asset: USGS/NED
2025-03-13 00:35:33,611 - INFO - Skipping deprecated asset: USGS/NLCD
2025-03-13 00:35:33,626 - INFO - Skipping deprecated asset: USGS/NLCD_RELEASES/2016_REL
2025-03-13 00:35:33,632 - INFO - Skipping deprecated asset: USGS/GFSAD1000_V0
2025-03-13 00:35:33,729 - INFO - Skipping deprecated asset: VITO/PROBAV/S1_TOC_100M
2025-03-13 00:35:33,770 - INFO - Skipping deprecated asset: VITO/PROBAV/S1_TOC_333M
2025-03-13 00:35:34,173 - INFO - Skipping deprecated asset: WorldPop/POP
2025-03-13 00:35:34,247 - INFO - Skipping deprecated asset: projects/forestdatapartnership/assets/community_palm/20240312
2025-03-13 00:35:34,402 - INFO - Successfully processed 736 assets (after filtering deprecated items)
2025-03-13 00:35:34,413 - INFO - Saving 736 items to gee_catalog_formatted.json
2025-03-13 00:35:34,423 - INFO - All data saved successfully. Processed 736 non-deprecated assets.
2025-03-13 00:35:34,423 - INFO - Completed in 14.69 seconds
2025-03-13 00:35:34,427 - INFO - Starting GEE catalog extraction
2025-03-13 00:35:34,427 - INFO - Attempting to fetch catalog directly...
2025-03-13 00:35:34,427 - INFO - Trying URL: https://earthengine-stac.storage.googleapis.com/catalog/catalog.json
2025-03-13 00:35:34,496 - INFO - Successfully connected to https://earthengine-stac.storage.googleapis.com/catalog/catalog.json
2025-03-13 00:35:41,502 - INFO - Found 934 unique assets to process
2025-03-13 00:35:41,503 - INFO - Processing assets...
2025-03-13 00:35:41,553 - INFO - Skipping deprecated asset: ACA/reef_habitat/v1_0
2025-03-13 00:35:41,571 - INFO - Skipping deprecated asset: CAS/IGSNRR/PML/V2
2025-03-13 00:35:41,608 - INFO - Skipping deprecated asset: CIESIN/GPWv4/population-count
2025-03-13 00:35:41,612 - INFO - Skipping deprecated asset: CIESIN/GPWv4/population-density
2025-03-13 00:35:41,616 - INFO - Skipping deprecated asset: CIESIN/GPWv4/unwpp-adjusted-population-density
2025-03-13 00:35:41,647 - INFO - Skipping deprecated asset: CAS/IGSNRR/PML/V2_v017
2025-03-13 00:35:41,654 - INFO - Skipping deprecated asset: CIESIN/GPWv4/unwpp-adjusted-population-count
2025-03-13 00:35:41,664 - INFO - Skipping deprecated asset: CIESIN/GPWv4/ancillary-data-grids
2025-03-13 00:35:41,669 - INFO - Skipping deprecated asset: COPERNICUS/CORINE/V18_5_1/100m
2025-03-13 00:35:41,687 - INFO - Skipping deprecated asset: COPERNICUS/S2
2025-03-13 00:35:41,688 - INFO - Skipping deprecated asset: COPERNICUS/S2_SR
2025-03-13 00:35:41,745 - INFO - Skipping deprecated asset: COPERNICUS/Landcover/100m/Proba-V/Global
2025-03-13 00:35:41,755 - INFO - Skipping deprecated asset: CSIC/SPEI/2_8
2025-03-13 00:35:41,837 - INFO - Skipping deprecated asset: CSIC/SPEI/2_9
2025-03-13 00:35:41,859 - INFO - Skipping deprecated asset: ECMWF/ERA5_LAND/MONTHLY
2025-03-13 00:35:41,890 - INFO - Skipping deprecated asset: EDF/OGIM/OGIM_v2-4_RF06_RF08
2025-03-13 00:35:41,928 - INFO - Skipping deprecated asset: EDF/MethaneSAT/MethaneAIR/methaneair-L4area-2021
2025-03-13 00:35:41,949 - INFO - Skipping deprecated asset: EDF/MethaneSAT/MethaneAIR/methaneair-L4point-2021
2025-03-13 00:35:42,032 - INFO - Skipping deprecated asset: FORMA/FORMA_500m
2025-03-13 00:35:42,052 - INFO - Skipping deprecated asset: GLCF/GLS_TCC
2025-03-13 00:35:42,057 - INFO - Skipping deprecated asset: GLIMS/2016
2025-03-13 00:35:42,063 - INFO - Skipping deprecated asset: GLIMS/20210914
2025-03-13 00:35:42,102 - INFO - Skipping deprecated asset: GLIMS/20171027
2025-03-13 00:35:42,125 - INFO - Skipping deprecated asset: GOOGLE/Research/open-buildings/v1/polygons
2025-03-13 00:35:42,143 - INFO - Skipping deprecated asset: GLIMS/current
2025-03-13 00:35:42,147 - INFO - Skipping deprecated asset: HYCOM/GLBu0_08/sea_temp_salinity
2025-03-13 00:35:42,149 - INFO - Skipping deprecated asset: HYCOM/GLBu0_08/sea_water_velocity
2025-03-13 00:35:42,158 - INFO - Skipping deprecated asset: IDAHO_EPSCOR/PDSI
2025-03-13 00:35:42,167 - INFO - Skipping deprecated asset: GOOGLE/Research/open-buildings/v2/polygons
2025-03-13 00:35:42,251 - INFO - Skipping deprecated asset: HYCOM/GLBu0_08/sea_surface_elevation
2025-03-13 00:35:42,264 - INFO - Skipping deprecated asset: JAXA/ALOS/AW3D30/V1_1
2025-03-13 00:35:42,275 - INFO - Skipping deprecated asset: JAXA/ALOS/AW3D30/V2_1
2025-03-13 00:35:42,336 - INFO - Skipping deprecated asset: JAXA/ALOS/AW3D30/V2_2
2025-03-13 00:35:42,360 - INFO - Skipping deprecated asset: JRC/GHSL/P2016/POP_GPW_GLOBE_V1
2025-03-13 00:35:42,388 - INFO - Skipping deprecated asset: JRC/GHSL/P2023A/GHS_SMOD
2025-03-13 00:35:42,393 - INFO - Skipping deprecated asset: JRC/GHSL/P2016/BUILT_LDSMT_GLOBE_V1
2025-03-13 00:35:42,398 - INFO - Skipping deprecated asset: JRC/GSW1_0/GlobalSurfaceWater
2025-03-13 00:35:42,404 - INFO - Skipping deprecated asset: JRC/GSW1_0/MonthlyRecurrence
2025-03-13 00:35:42,412 - INFO - Skipping deprecated asset: JRC/GSW1_1/GlobalSurfaceWater
2025-03-13 00:35:42,417 - INFO - Skipping deprecated asset: JRC/GSW1_1/MonthlyHistory
2025-03-13 00:35:42,424 - INFO - Skipping deprecated asset: JRC/GSW1_0/YearlyHistory
2025-03-13 00:35:42,426 - INFO - Skipping deprecated asset: JRC/GSW1_1/YearlyHistory
2025-03-13 00:35:42,428 - INFO - Skipping deprecated asset: JRC/GSW1_2/Metadata
2025-03-13 00:35:42,431 - INFO - Skipping deprecated asset: JRC/GHSL/P2016/SMOD_POP_GLOBE_V1
2025-03-13 00:35:42,435 - INFO - Skipping deprecated asset: JRC/GSW1_0/Metadata
2025-03-13 00:35:42,438 - INFO - Skipping deprecated asset: JRC/GFC2020/V1
2025-03-13 00:35:42,439 - INFO - Skipping deprecated asset: JRC/GSW1_3/GlobalSurfaceWater
2025-03-13 00:35:42,442 - INFO - Skipping deprecated asset: JRC/GSW1_3/Metadata
2025-03-13 00:35:42,453 - INFO - Skipping deprecated asset: JRC/GSW1_1/Metadata
2025-03-13 00:35:42,457 - INFO - Skipping deprecated asset: JRC/GSW1_3/YearlyHistory
2025-03-13 00:35:42,468 - INFO - Skipping deprecated asset: JRC/GSW1_0/MonthlyHistory
2025-03-13 00:35:42,475 - INFO - Skipping deprecated asset: JRC/GSW1_2/MonthlyRecurrence
2025-03-13 00:35:42,479 - INFO - Skipping deprecated asset: JRC/GSW1_2/GlobalSurfaceWater
2025-03-13 00:35:42,480 - INFO - Skipping deprecated asset: JRC/GSW1_2/MonthlyHistory
2025-03-13 00:35:42,489 - INFO - Skipping deprecated asset: JRC/GSW1_1/MonthlyRecurrence
2025-03-13 00:35:42,500 - INFO - Skipping deprecated asset: JRC/GSW1_3/MonthlyRecurrence
2025-03-13 00:35:42,502 - INFO - Skipping deprecated asset: JRC/GSW1_2/YearlyHistory
2025-03-13 00:35:42,510 - INFO - Skipping deprecated asset: JRC/GSW1_3/MonthlyHistory
2025-03-13 00:35:42,916 - INFO - Skipping deprecated asset: MODIS/006/MCD15A3H
2025-03-13 00:35:42,923 - INFO - Skipping deprecated asset: MODIS/006/MCD12Q1
2025-03-13 00:35:42,925 - INFO - Skipping deprecated asset: MODIS/006/MCD43A1
2025-03-13 00:35:42,939 - INFO - Skipping deprecated asset: MODIS/006/MCD43A2
2025-03-13 00:35:42,939 - INFO - Skipping deprecated asset: MODIS/006/MCD43C3
2025-03-13 00:35:42,945 - INFO - Skipping deprecated asset: MODIS/006/MCD64A1
2025-03-13 00:35:42,960 - INFO - Skipping deprecated asset: MODIS/006/MCD12Q2
2025-03-13 00:35:42,968 - INFO - Skipping deprecated asset: MODIS/006/MCD43A3
2025-03-13 00:35:42,971 - INFO - Skipping deprecated asset: MODIS/006/MCD43A4
2025-03-13 00:35:42,972 - INFO - Skipping deprecated asset: MODIS/006/MOD11A1
2025-03-13 00:35:42,976 - INFO - Skipping deprecated asset: MODIS/006/MOD13A1
2025-03-13 00:35:42,981 - INFO - Skipping deprecated asset: MODIS/006/MOD10A1
2025-03-13 00:35:42,982 - INFO - Skipping deprecated asset: MODIS/006/MOD09A1
2025-03-13 00:35:42,987 - INFO - Skipping deprecated asset: MODIS/006/MOD08_M3
2025-03-13 00:35:42,992 - INFO - Skipping deprecated asset: MODIS/006/MOD14A2
2025-03-13 00:35:43,004 - INFO - Skipping deprecated asset: MODIS/006/MOD09GQ
2025-03-13 00:35:43,008 - INFO - Skipping deprecated asset: MODIS/006/MOD16A2
2025-03-13 00:35:43,012 - INFO - Skipping deprecated asset: MODIS/006/MOD17A3H
2025-03-13 00:35:43,015 - INFO - Skipping deprecated asset: MODIS/006/MOD17A3HGF
2025-03-13 00:35:43,028 - INFO - Skipping deprecated asset: MODIS/006/MOD09Q1
2025-03-13 00:35:43,032 - INFO - Skipping deprecated asset: MODIS/006/MOD13Q1
2025-03-13 00:35:43,032 - INFO - Skipping deprecated asset: MODIS/006/MOD11A2
2025-03-13 00:35:43,033 - INFO - Skipping deprecated asset: MODIS/006/MCD19A2_GRANULES
2025-03-13 00:35:43,034 - INFO - Skipping deprecated asset: MODIS/006/MOD15A2H
2025-03-13 00:35:43,035 - INFO - Skipping deprecated asset: MODIS/006/MOD13A2
2025-03-13 00:35:43,037 - INFO - Skipping deprecated asset: MODIS/006/MYD09A1
2025-03-13 00:35:43,038 - INFO - Skipping deprecated asset: MODIS/006/MYD09GQ
2025-03-13 00:35:43,043 - INFO - Skipping deprecated asset: MODIS/006/MOD14A1
2025-03-13 00:35:43,048 - INFO - Skipping deprecated asset: MODIS/006/MYD11A1
2025-03-13 00:35:43,063 - INFO - Skipping deprecated asset: MODIS/006/MOD09GA
2025-03-13 00:35:43,068 - INFO - Skipping deprecated asset: MODIS/006/MYD10A1
2025-03-13 00:35:43,068 - INFO - Skipping deprecated asset: MODIS/006/MYD09GA
2025-03-13 00:35:43,071 - INFO - Skipping deprecated asset: MODIS/006/MYD13A1
2025-03-13 00:35:43,073 - INFO - Skipping deprecated asset: MODIS/006/MYD13A2
2025-03-13 00:35:43,077 - INFO - Skipping deprecated asset: MODIS/006/MOD44B
2025-03-13 00:35:43,080 - INFO - Skipping deprecated asset: MODIS/006/MYD09Q1
2025-03-13 00:35:43,085 - INFO - Skipping deprecated asset: MODIS/006/MYD11A2
2025-03-13 00:35:43,090 - INFO - Skipping deprecated asset: MODIS/006/MYD17A3HGF
2025-03-13 00:35:43,092 - INFO - Skipping deprecated asset: MODIS/006/MYD08_M3
2025-03-13 00:35:43,096 - INFO - Skipping deprecated asset: MODIS/055/MOD17A3
2025-03-13 00:35:43,116 - INFO - Skipping deprecated asset: MODIS/006/MYD14A1
2025-03-13 00:35:43,120 - INFO - Skipping deprecated asset: MODIS/006/MYD17A3H
2025-03-13 00:35:43,123 - INFO - Skipping deprecated asset: MODIS/006/MYD17A2H
2025-03-13 00:35:43,124 - INFO - Skipping deprecated asset: MODIS/061/MCD18C2
2025-03-13 00:35:43,140 - INFO - Skipping deprecated asset: MODIS/006/MYD14A2
2025-03-13 00:35:43,154 - INFO - Skipping deprecated asset: MODIS/006/MYD13Q1
2025-03-13 00:35:43,163 - INFO - Skipping deprecated asset: MODIS/006/MOD17A2H
2025-03-13 00:35:43,168 - INFO - Skipping deprecated asset: MODIS/061/MCD18A1
2025-03-13 00:35:43,174 - INFO - Skipping deprecated asset: MODIS/006/MYD15A2H
2025-03-13 00:35:43,350 - INFO - Skipping deprecated asset: MODIS/MCD43A4
2025-03-13 00:35:43,383 - INFO - Skipping deprecated asset: MODIS/MCD43A4_NDVI
2025-03-13 00:35:43,386 - INFO - Skipping deprecated asset: MODIS/MCD43A4_NDWI
2025-03-13 00:35:43,412 - INFO - Skipping deprecated asset: MODIS/MCD43A4_EVI
2025-03-13 00:35:43,415 - INFO - Skipping deprecated asset: MODIS/MCD43A2
2025-03-13 00:35:43,416 - INFO - Skipping deprecated asset: MODIS/MOD09GA_BAI
2025-03-13 00:35:43,417 - INFO - Skipping deprecated asset: MODIS/MCD43A4_NDSI
2025-03-13 00:35:43,424 - INFO - Skipping deprecated asset: MODIS/MOD09A1
2025-03-13 00:35:43,427 - INFO - Skipping deprecated asset: MODIS/MOD09GQ
2025-03-13 00:35:43,430 - INFO - Skipping deprecated asset: MODIS/MOD09Q1
2025-03-13 00:35:43,432 - INFO - Skipping deprecated asset: MODIS/MOD10A1
2025-03-13 00:35:43,435 - INFO - Skipping deprecated asset: MODIS/MCD43A1
2025-03-13 00:35:43,436 - INFO - Skipping deprecated asset: MODIS/MOD11A2
2025-03-13 00:35:43,440 - INFO - Skipping deprecated asset: MODIS/MOD09GA
2025-03-13 00:35:43,442 - INFO - Skipping deprecated asset: MODIS/MCD43A4_BAI
2025-03-13 00:35:43,457 - INFO - Skipping deprecated asset: MODIS/MOD09GA_NDSI
2025-03-13 00:35:43,461 - INFO - Skipping deprecated asset: MODIS/MOD09GA_NDWI
2025-03-13 00:35:43,461 - INFO - Skipping deprecated asset: MODIS/MYD09GA
2025-03-13 00:35:43,474 - INFO - Skipping deprecated asset: MODIS/MOD11A1
2025-03-13 00:35:43,481 - INFO - Skipping deprecated asset: MODIS/MYD09A1
2025-03-13 00:35:43,485 - INFO - Skipping deprecated asset: MODIS/MOD09GA_NDVI
2025-03-13 00:35:43,489 - INFO - Skipping deprecated asset: MODIS/MYD09GA_EVI
2025-03-13 00:35:43,492 - INFO - Skipping deprecated asset: MODIS/MYD09GA_NDSI
2025-03-13 00:35:43,493 - INFO - Skipping deprecated asset: MODIS/MOD13Q1
2025-03-13 00:35:43,497 - INFO - Skipping deprecated asset: MODIS/MYD09GA_NDWI
2025-03-13 00:35:43,498 - INFO - Skipping deprecated asset: MODIS/MYD09GQ
2025-03-13 00:35:43,500 - INFO - Skipping deprecated asset: MODIS/MOD09GA_EVI
2025-03-13 00:35:43,502 - INFO - Skipping deprecated asset: MODIS/MYD10A1
2025-03-13 00:35:43,505 - INFO - Skipping deprecated asset: MODIS/MYD11A2
2025-03-13 00:35:43,522 - INFO - Skipping deprecated asset: MODIS/MOD13A1
2025-03-13 00:35:43,530 - INFO - Skipping deprecated asset: MODIS/MYD09GA_NDVI
2025-03-13 00:35:43,546 - INFO - Skipping deprecated asset: MODIS/MYD09GA_BAI
2025-03-13 00:35:43,575 - INFO - Skipping deprecated asset: MODIS/MYD11A1
2025-03-13 00:35:43,581 - INFO - Skipping deprecated asset: MODIS/MYD13A1
2025-03-13 00:35:43,597 - INFO - Skipping deprecated asset: NASA/GRACE/MASS_GRIDS/LAND
2025-03-13 00:35:43,601 - INFO - Skipping deprecated asset: NASA/GRACE/MASS_GRIDS/MASCON_CRI
2025-03-13 00:35:43,610 - INFO - Skipping deprecated asset: NASA/GRACE/MASS_GRIDS_V03/MASCON
2025-03-13 00:35:43,613 - INFO - Skipping deprecated asset: MODIS/MYD13Q1
2025-03-13 00:35:43,616 - INFO - Skipping deprecated asset: NASA/GRACE/MASS_GRIDS_V03/MASCON_CRI
2025-03-13 00:35:43,625 - INFO - Skipping deprecated asset: MODIS/MYD09Q1
2025-03-13 00:35:43,634 - INFO - Skipping deprecated asset: NASA/GPM_L3/IMERG_V06
2025-03-13 00:35:43,668 - INFO - Skipping deprecated asset: NASA/GRACE/MASS_GRIDS/MASCON
2025-03-13 00:35:43,716 - INFO - Skipping deprecated asset: NASA/ORNL/DAYMET_V3
2025-03-13 00:35:43,735 - INFO - Skipping deprecated asset: NASA_USDA/HSL/SMAP10KM_soil_moisture
2025-03-13 00:35:43,738 - INFO - Skipping deprecated asset: NASA_USDA/HSL/SMAP_soil_moisture
2025-03-13 00:35:43,769 - INFO - Skipping deprecated asset: NASA/GRACE/MASS_GRIDS/OCEAN
2025-03-13 00:35:43,771 - INFO - Skipping deprecated asset: NOAA/CDR/AVHRR/AOT/V3
2025-03-13 00:35:43,786 - INFO - Skipping deprecated asset: NASA_USDA/HSL/soil_moisture
2025-03-13 00:35:43,805 - INFO - Skipping deprecated asset: NOAA/CDR/AVHRR/NDVI/V4
2025-03-13 00:35:43,807 - INFO - Skipping deprecated asset: NOAA/CDR/AVHRR/LAI_FAPAR/V4
2025-03-13 00:35:43,817 - INFO - Skipping deprecated asset: NOAA/CDR/OISST/V2
2025-03-13 00:35:43,842 - INFO - Skipping deprecated asset: NOAA/CDR/AVHRR/SR/V4
2025-03-13 00:35:43,932 - INFO - Skipping deprecated asset: NOAA/VIIRS/001/VNP09GA
2025-03-13 00:35:43,936 - INFO - Skipping deprecated asset: NOAA/VIIRS/001/VNP13A1
2025-03-13 00:35:43,937 - INFO - Skipping deprecated asset: NOAA/VIIRS/001/VNP14A1
2025-03-13 00:35:43,939 - INFO - Skipping deprecated asset: NOAA/VIIRS/001/VNP15A2H
2025-03-13 00:35:43,941 - INFO - Skipping deprecated asset: NOAA/VIIRS/001/VNP21A1D
2025-03-13 00:35:43,978 - INFO - Skipping deprecated asset: NOAA/VIIRS/001/VNP09H1
2025-03-13 00:35:43,985 - INFO - Skipping deprecated asset: NOAA/VIIRS/001/VNP21A1N
2025-03-13 00:35:43,993 - INFO - Skipping deprecated asset: OREGONSTATE/PRISM/Norm81m
2025-03-13 00:35:44,143 - INFO - Skipping deprecated asset: Oxford/MAP/friction_surface_2015_v1_0
2025-03-13 00:35:44,150 - INFO - Skipping deprecated asset: RUB/RUBCLIM/LCZ/global_lcz_map/v1
2025-03-13 00:35:44,246 - INFO - Skipping deprecated asset: TERN/AET/CMRSET_LANDSAT_V2_1
2025-03-13 00:35:44,264 - INFO - Skipping deprecated asset: UMD/hansen/global_forest_change_2013
2025-03-13 00:35:44,268 - INFO - Skipping deprecated asset: UMD/hansen/global_forest_change_2014
2025-03-13 00:35:44,273 - INFO - Skipping deprecated asset: UMD/hansen/global_forest_change_2015
2025-03-13 00:35:44,275 - INFO - Skipping deprecated asset: UMD/hansen/global_forest_change_2015_v1_3
2025-03-13 00:35:44,276 - INFO - Skipping deprecated asset: UMD/hansen/global_forest_change_2016_v1_4
2025-03-13 00:35:44,280 - INFO - Skipping deprecated asset: UMD/hansen/global_forest_change_2019_v1_7
2025-03-13 00:35:44,281 - INFO - Skipping deprecated asset: UMD/hansen/global_forest_change_2020_v1_8
2025-03-13 00:35:44,282 - INFO - Skipping deprecated asset: UMD/hansen/global_forest_change_2021_v1_9
2025-03-13 00:35:44,296 - INFO - Skipping deprecated asset: UMN/PGC/ArcticDEM/V2/5m
2025-03-13 00:35:44,316 - INFO - Skipping deprecated asset: UMT/Climate/IrrMapper_RF/v1_1
2025-03-13 00:35:44,336 - INFO - Skipping deprecated asset: UMN/PGC/ArcticDEM/V2/2m
2025-03-13 00:35:44,340 - INFO - Skipping deprecated asset: UMD/hansen/global_forest_change_2018_v1_6
2025-03-13 00:35:44,341 - INFO - Skipping deprecated asset: UMD/hansen/global_forest_change_2017_v1_5
2025-03-13 00:35:44,343 - INFO - Skipping deprecated asset: USDOS/LSIB/2013
2025-03-13 00:35:44,350 - INFO - Skipping deprecated asset: USFS/GTAC/LCMS/v2020-6
2025-03-13 00:35:44,380 - INFO - Skipping deprecated asset: UMD/hansen/global_forest_change_2022_v1_10
2025-03-13 00:35:44,423 - INFO - Skipping deprecated asset: USFS/GTAC/LCMS/v2021-7
2025-03-13 00:35:44,428 - INFO - Skipping deprecated asset: USGS/GMTED2010
2025-03-13 00:35:44,432 - INFO - Skipping deprecated asset: USFS/GTAC/LCMS/v2020-5
2025-03-13 00:35:44,434 - INFO - Skipping deprecated asset: USGS/NED
2025-03-13 00:35:44,437 - INFO - Skipping deprecated asset: USGS/NLCD_RELEASES/2016_REL
2025-03-13 00:35:44,448 - INFO - Skipping deprecated asset: USFS/GTAC/LCMS/v2022-8
2025-03-13 00:35:44,466 - INFO - Skipping deprecated asset: USGS/NLCD
2025-03-13 00:35:44,475 - INFO - Skipping deprecated asset: USGS/GFSAD1000_V0
2025-03-13 00:35:44,522 - INFO - Skipping deprecated asset: VITO/PROBAV/S1_TOC_333M
2025-03-13 00:35:44,556 - INFO - Skipping deprecated asset: VITO/PROBAV/S1_TOC_100M
2025-03-13 00:35:44,722 - INFO - Skipping deprecated asset: projects/forestdatapartnership/assets/community_palm/20240312
2025-03-13 00:35:44,740 - INFO - Skipping deprecated asset: WorldPop/POP
2025-03-13 00:35:44,853 - INFO - Successfully processed 736 assets (after filtering deprecated items)
2025-03-13 00:35:44,865 - INFO - Saving 736 items to gee_catalog_formatted.json
2025-03-13 00:35:44,874 - INFO - All data saved successfully. Processed 736 non-deprecated assets.
2025-03-13 00:35:44,875 - INFO - Completed in 10.45 seconds
